<?xml version="1.0" encoding="UTF-8"?>
<!-- Generated by org.testng.reporters.JUnitReportReporter -->
<testsuite hostname="DESKTOP-FPK37S0" failures="0" tests="1" name="RestAssuredDemo.RestAssuredDemo.query_param_single_id" time="23.628" errors="0" timestamp="2024-01-22T20:52:55 IST" skipped="0">
  <testcase classname="RestAssuredDemo.RestAssuredDemo.query_param_single_id" name="get_users" time="23.628"/>
  <system-out/>
</testsuite> <!-- RestAssuredDemo.RestAssuredDemo.query_param_single_id -->
