<?xml version="1.0" encoding="UTF-8"?>
<!-- Generated by org.testng.reporters.JUnitReportReporter -->
<testsuite hostname="DESKTOP-FPK37S0" failures="0" tests="1" name="RestAssuredDemo.RestAssuredDemo.cookies_value" time="7.761" errors="0" timestamp="2024-01-27T12:29:32 IST" skipped="0">
  <testcase classname="RestAssuredDemo.RestAssuredDemo.cookies_value" name="get_multiple_cookies" time="7.761"/>
  <system-out/>
</testsuite> <!-- RestAssuredDemo.RestAssuredDemo.cookies_value -->
