<?xml version="1.0" encoding="UTF-8"?>
<!-- Generated by org.testng.reporters.JUnitReportReporter -->
<testsuite hostname="DESKTOP-FPK37S0" failures="0" tests="1" name="RestAssuredDemo.RestAssuredDemo.Rest_Day1" time="6.959" errors="0" timestamp="2024-01-11T21:03:03 IST" skipped="0">
  <testcase classname="RestAssuredDemo.RestAssuredDemo.Rest_Day1" name="rest_method2" time="6.959"/>
  <system-out/>
</testsuite> <!-- RestAssuredDemo.RestAssuredDemo.Rest_Day1 -->
