<?xml version="1.0" encoding="UTF-8"?>
<!-- Generated by org.testng.reporters.JUnitReportReporter -->
<testsuite hostname="DESKTOP-FPK37S0" failures="0" tests="1" name="RestAssuredDemo.RestAssuredDemo.fetch_data_from_array" time="28.701" errors="0" timestamp="2024-01-27T10:11:40 IST" skipped="0">
  <testcase classname="RestAssuredDemo.RestAssuredDemo.fetch_data_from_array" name="fectch_data" time="28.701"/>
  <system-out/>
</testsuite> <!-- RestAssuredDemo.RestAssuredDemo.fetch_data_from_array -->
