<?xml version="1.0" encoding="UTF-8"?>
<!-- Generated by org.testng.reporters.JUnitReportReporter -->
<testsuite hostname="DESKTOP-FPK37S0" failures="0" tests="4" name="RestAssuredDemo.RestAssuredDemo.parameter_pass" time="7.286" errors="0" timestamp="2024-01-26T21:29:53 IST" skipped="0">
  <testcase classname="RestAssuredDemo.RestAssuredDemo.parameter_pass" name="fetch_data" time="4.428"/>
  <system-out/>
  <testcase classname="RestAssuredDemo.RestAssuredDemo.parameter_pass" name="post_data" time="2.670"/>
  <system-out/>
  <testcase classname="RestAssuredDemo.RestAssuredDemo.parameter_pass" name="update_data" time="0.092"/>
  <system-out/>
  <testcase classname="RestAssuredDemo.RestAssuredDemo.parameter_pass" name="delete_data" time="0.096"/>
  <system-out/>
</testsuite> <!-- RestAssuredDemo.RestAssuredDemo.parameter_pass -->
