<?xml version="1.0" encoding="UTF-8"?>
<!-- Generated by org.testng.reporters.JUnitReportReporter -->
<testsuite hostname="DESKTOP-FPK37S0" failures="0" tests="1" name="RestAssuredDemo.RestAssuredDemo.cookies_fetch_my_api" time="6.306" errors="0" timestamp="2024-01-26T21:16:00 IST" skipped="0">
  <testcase classname="RestAssuredDemo.RestAssuredDemo.cookies_fetch_my_api" name="cookies_fetch" time="6.306"/>
  <system-out/>
</testsuite> <!-- RestAssuredDemo.RestAssuredDemo.cookies_fetch_my_api -->
