<?xml version="1.0" encoding="UTF-8"?>
<!-- Generated by org.testng.reporters.JUnitReportReporter -->
<testsuite hostname="DESKTOP-FPK37S0" failures="0" tests="1" name="RestAssuredDemo.RestAssuredDemo.Rest_Day2" time="7.573" errors="0" timestamp="2024-01-16T20:36:13 IST" skipped="0">
  <testcase classname="RestAssuredDemo.RestAssuredDemo.Rest_Day2" name="get_users" time="7.573"/>
  <system-out/>
</testsuite> <!-- RestAssuredDemo.RestAssuredDemo.Rest_Day2 -->
