<?xml version="1.0" encoding="UTF-8"?>
<!-- Generated by org.testng.reporters.JUnitReportReporter -->
<testsuite hostname="DESKTOP-FPK37S0" failures="0" tests="1" name="RestAssuredDemo.RestAssuredDemo.header_test" time="13.534" errors="0" timestamp="2024-01-27T12:39:41 IST" skipped="0">
  <testcase classname="RestAssuredDemo.RestAssuredDemo.header_test" name="get_multiple_headers_details" time="13.534"/>
  <system-out/>
</testsuite> <!-- RestAssuredDemo.RestAssuredDemo.header_test -->
